============================= test session starts =============================
platform win32 -- Python 3.12.3, pytest-8.4.2, pluggy-1.6.0
rootdir: C:\Users\diana\PycharmProjects\ClassProduct
configfile: pyproject.toml
testpaths: tests
plugins: cov-7.1.0
collected 21 items

tests\test_models.py ....................                                [ 95%]
tests\test_utils.py .                                                    [100%]

=============================== tests coverage ================================
_______________ coverage: platform win32, python 3.12.3-final-0 _______________

Name              Stmts   Miss  Cover   Missing
-----------------------------------------------
src\__init__.py       0      0   100%
src\models.py       177     14    92%   11, 46, 50, 59, 121, 192-194, 209, 212-213, 280, 282-283
src\utils.py         17      1    94%   10
-----------------------------------------------
TOTAL               194     15    92%
============================= 21 passed in 0.09s ==============================
